<?xml version="1.0" encoding="UTF-8"?>
<testsuite xmlns:xsi="http://www.w3.org/2001/XMLSchema-instance" xsi:noNamespaceSchemaLocation="https://maven.apache.org/surefire/maven-surefire-plugin/xsd/surefire-test-report-3.0.xsd" version="3.0" name="UserDaoTest" time="0.026" tests="5" errors="0" skipped="0" failures="0">
  <properties>
    <property name="java.specification.version" value="23"/>
    <property name="sun.cpu.isalist" value="amd64"/>
    <property name="sun.jnu.encoding" value="Cp1252"/>
    <property name="java.class.path" value="D:\Users\Nalinish Ranjan\Documents\GitHub\Viridi\target\test-classes;D:\Users\Nalinish Ranjan\Documents\GitHub\Viridi\target\classes;C:\Users\Nalinish Ranjan\.m2\repository\org\hibernate\orm\hibernate-core\6.6.3.Final\hibernate-core-6.6.3.Final.jar;C:\Users\Nalinish Ranjan\.m2\repository\org\jboss\logging\jboss-logging\3.5.0.Final\jboss-logging-3.5.0.Final.jar;C:\Users\Nalinish Ranjan\.m2\repository\org\hibernate\common\hibernate-commons-annotations\7.0.3.Final\hibernate-commons-annotations-7.0.3.Final.jar;C:\Users\Nalinish Ranjan\.m2\repository\io\smallrye\jandex\3.2.0\jandex-3.2.0.jar;C:\Users\Nalinish Ranjan\.m2\repository\com\fasterxml\classmate\1.5.1\classmate-1.5.1.jar;C:\Users\Nalinish Ranjan\.m2\repository\net\bytebuddy\byte-buddy\1.14.18\byte-buddy-1.14.18.jar;C:\Users\Nalinish Ranjan\.m2\repository\jakarta\xml\bind\jakarta.xml.bind-api\4.0.0\jakarta.xml.bind-api-4.0.0.jar;C:\Users\Nalinish Ranjan\.m2\repository\org\glassfish\jaxb\jaxb-runtime\4.0.2\jaxb-runtime-4.0.2.jar;C:\Users\Nalinish Ranjan\.m2\repository\org\glassfish\jaxb\jaxb-core\4.0.2\jaxb-core-4.0.2.jar;C:\Users\Nalinish Ranjan\.m2\repository\org\eclipse\angus\angus-activation\2.0.0\angus-activation-2.0.0.jar;C:\Users\Nalinish Ranjan\.m2\repository\org\glassfish\jaxb\txw2\4.0.2\txw2-4.0.2.jar;C:\Users\Nalinish Ranjan\.m2\repository\com\sun\istack\istack-commons-runtime\4.1.1\istack-commons-runtime-4.1.1.jar;C:\Users\Nalinish Ranjan\.m2\repository\jakarta\inject\jakarta.inject-api\2.0.1\jakarta.inject-api-2.0.1.jar;C:\Users\Nalinish Ranjan\.m2\repository\org\antlr\antlr4-runtime\4.13.0\antlr4-runtime-4.13.0.jar;C:\Users\Nalinish Ranjan\.m2\repository\jakarta\transaction\jakarta.transaction-api\2.0.1\jakarta.transaction-api-2.0.1.jar;C:\Users\Nalinish Ranjan\.m2\repository\jakarta\persistence\jakarta.persistence-api\3.2.0\jakarta.persistence-api-3.2.0.jar;C:\Users\Nalinish Ranjan\.m2\repository\jakarta\servlet\jakarta.servlet-api\6.1.0\jakarta.servlet-api-6.1.0.jar;C:\Users\Nalinish Ranjan\.m2\repository\org\mockito\mockito-core\3.6.0\mockito-core-3.6.0.jar;C:\Users\Nalinish Ranjan\.m2\repository\net\bytebuddy\byte-buddy-agent\1.10.15\byte-buddy-agent-1.10.15.jar;C:\Users\Nalinish Ranjan\.m2\repository\org\objenesis\objenesis\3.1\objenesis-3.1.jar;C:\Users\Nalinish Ranjan\.m2\repository\javax\servlet\jstl\1.2\jstl-1.2.jar;C:\Users\Nalinish Ranjan\.m2\repository\com\mysql\mysql-connector-j\9.1.0\mysql-connector-j-9.1.0.jar;C:\Users\Nalinish Ranjan\.m2\repository\com\google\protobuf\protobuf-java\4.26.1\protobuf-java-4.26.1.jar;C:\Users\Nalinish Ranjan\.m2\repository\jakarta\platform\jakarta.jakartaee-api\11.0.0-M1\jakarta.jakartaee-api-11.0.0-M1.jar;C:\Users\Nalinish Ranjan\.m2\repository\jakarta\platform\jakarta.jakartaee-web-api\11.0.0-M1\jakarta.jakartaee-web-api-11.0.0-M1.jar;C:\Users\Nalinish Ranjan\.m2\repository\jakarta\servlet\jsp\jakarta.servlet.jsp-api\4.0.0-M1\jakarta.servlet.jsp-api-4.0.0-M1.jar;C:\Users\Nalinish Ranjan\.m2\repository\jakarta\data\jakarta-data-api\1.0.0-M1\jakarta-data-api-1.0.0-M1.jar;C:\Users\Nalinish Ranjan\.m2\repository\jakarta\enterprise\jakarta.enterprise.cdi-el-api\4.1.0-M1\jakarta.enterprise.cdi-el-api-4.1.0-M1.jar;C:\Users\Nalinish Ranjan\.m2\repository\jakarta\faces\jakarta.faces-api\4.1.0-M1\jakarta.faces-api-4.1.0-M1.jar;C:\Users\Nalinish Ranjan\.m2\repository\jakarta\websocket\jakarta.websocket-api\2.2.0-M1\jakarta.websocket-api-2.2.0-M1.jar;C:\Users\Nalinish Ranjan\.m2\repository\jakarta\websocket\jakarta.websocket-client-api\2.2.0-M1\jakarta.websocket-client-api-2.2.0-M1.jar;C:\Users\Nalinish Ranjan\.m2\repository\jakarta\ejb\jakarta.ejb-api\4.0.1\jakarta.ejb-api-4.0.1.jar;C:\Users\Nalinish Ranjan\.m2\repository\jakarta\validation\jakarta.validation-api\3.1.0-M1\jakarta.validation-api-3.1.0-M1.jar;C:\Users\Nalinish Ranjan\.m2\repository\jakarta\authentication\jakarta.authentication-api\3.1.0-M1\jakarta.authentication-api-3.1.0-M1.jar;C:\Users\Nalinish Ranjan\.m2\repository\jakarta\security\enterprise\jakarta.security.enterprise-api\4.0.0-M1\jakarta.security.enterprise-api-4.0.0-M1.jar;C:\Users\Nalinish Ranjan\.m2\repository\jakarta\enterprise\concurrent\jakarta.enterprise.concurrent-api\3.1.0-M1\jakarta.enterprise.concurrent-api-3.1.0-M1.jar;C:\Users\Nalinish Ranjan\.m2\repository\jakarta\platform\jakarta.jakartaee-core-api\11.0.0-M1\jakarta.jakartaee-core-api-11.0.0-M1.jar;C:\Users\Nalinish Ranjan\.m2\repository\jakarta\ws\rs\jakarta.ws.rs-api\3.1.0\jakarta.ws.rs-api-3.1.0.jar;C:\Users\Nalinish Ranjan\.m2\repository\jakarta\json\jakarta.json-api\2.1.0\jakarta.json-api-2.1.0.jar;C:\Users\Nalinish Ranjan\.m2\repository\jakarta\json\bind\jakarta.json.bind-api\3.0.0\jakarta.json.bind-api-3.0.0.jar;C:\Users\Nalinish Ranjan\.m2\repository\jakarta\annotation\jakarta.annotation-api\3.0.0-M1\jakarta.annotation-api-3.0.0-M1.jar;C:\Users\Nalinish Ranjan\.m2\repository\jakarta\interceptor\jakarta.interceptor-api\2.2.0-M1\jakarta.interceptor-api-2.2.0-M1.jar;C:\Users\Nalinish Ranjan\.m2\repository\jakarta\enterprise\jakarta.enterprise.cdi-api\4.1.0-M1\jakarta.enterprise.cdi-api-4.1.0-M1.jar;C:\Users\Nalinish Ranjan\.m2\repository\jakarta\enterprise\jakarta.enterprise.lang-model\4.1.0-M1\jakarta.enterprise.lang-model-4.1.0-M1.jar;C:\Users\Nalinish Ranjan\.m2\repository\jakarta\jms\jakarta.jms-api\3.1.0\jakarta.jms-api-3.1.0.jar;C:\Users\Nalinish Ranjan\.m2\repository\jakarta\activation\jakarta.activation-api\2.1.2\jakarta.activation-api-2.1.2.jar;C:\Users\Nalinish Ranjan\.m2\repository\jakarta\mail\jakarta.mail-api\2.1.2\jakarta.mail-api-2.1.2.jar;C:\Users\Nalinish Ranjan\.m2\repository\jakarta\resource\jakarta.resource-api\2.1.0\jakarta.resource-api-2.1.0.jar;C:\Users\Nalinish Ranjan\.m2\repository\jakarta\authorization\jakarta.authorization-api\3.0.0-M1\jakarta.authorization-api-3.0.0-M1.jar;C:\Users\Nalinish Ranjan\.m2\repository\jakarta\batch\jakarta.batch-api\2.1.1\jakarta.batch-api-2.1.1.jar;C:\Users\Nalinish Ranjan\.m2\repository\jakarta\servlet\jsp\jstl\jakarta.servlet.jsp.jstl-api\3.0.0\jakarta.servlet.jsp.jstl-api-3.0.0.jar;C:\Users\Nalinish Ranjan\.m2\repository\jakarta\el\jakarta.el-api\5.0.0\jakarta.el-api-5.0.0.jar;C:\Users\Nalinish Ranjan\.m2\repository\org\glassfish\web\jakarta.servlet.jsp.jstl\3.0.1\jakarta.servlet.jsp.jstl-3.0.1.jar;C:\Users\Nalinish Ranjan\.m2\repository\org\junit\jupiter\junit-jupiter-api\5.11.4\junit-jupiter-api-5.11.4.jar;C:\Users\Nalinish Ranjan\.m2\repository\org\opentest4j\opentest4j\1.3.0\opentest4j-1.3.0.jar;C:\Users\Nalinish Ranjan\.m2\repository\org\junit\platform\junit-platform-commons\1.11.4\junit-platform-commons-1.11.4.jar;C:\Users\Nalinish Ranjan\.m2\repository\org\apiguardian\apiguardian-api\1.1.2\apiguardian-api-1.1.2.jar;C:\Users\Nalinish Ranjan\.m2\repository\org\junit\jupiter\junit-jupiter-engine\5.11.4\junit-jupiter-engine-5.11.4.jar;C:\Users\Nalinish Ranjan\.m2\repository\org\junit\platform\junit-platform-engine\1.11.4\junit-platform-engine-1.11.4.jar;C:\Users\Nalinish Ranjan\.m2\repository\junit\junit\4.13.2\junit-4.13.2.jar;C:\Users\Nalinish Ranjan\.m2\repository\org\hamcrest\hamcrest-core\1.3\hamcrest-core-1.3.jar;"/>
    <property name="java.vm.vendor" value="Oracle Corporation"/>
    <property name="sun.arch.data.model" value="64"/>
    <property name="user.variant" value=""/>
    <property name="java.vendor.url" value="https://java.oracle.com/"/>
    <property name="user.timezone" value="Asia/Calcutta"/>
    <property name="os.name" value="Windows 11"/>
    <property name="java.vm.specification.version" value="23"/>
    <property name="user.country" value="IN"/>
    <property name="sun.java.launcher" value="SUN_STANDARD"/>
    <property name="sun.boot.library.path" value="D:\Program Files\Java\jdk-23\bin"/>
    <property name="sun.java.command" value="C:\Users\Nalinish Ranjan\AppData\Local\Temp\surefire15726094657950793900\surefirebooter-20250107220554278_3.jar C:\Users\Nalinish Ranjan\AppData\Local\Temp\surefire15726094657950793900 2025-01-07T22-05-54_150-jvmRun1 surefire-20250107220554278_1tmp surefire_0-20250107220554278_2tmp"/>
    <property name="jdk.debug" value="release"/>
    <property name="surefire.test.class.path" value="D:\Users\Nalinish Ranjan\Documents\GitHub\Viridi\target\test-classes;D:\Users\Nalinish Ranjan\Documents\GitHub\Viridi\target\classes;C:\Users\Nalinish Ranjan\.m2\repository\org\hibernate\orm\hibernate-core\6.6.3.Final\hibernate-core-6.6.3.Final.jar;C:\Users\Nalinish Ranjan\.m2\repository\org\jboss\logging\jboss-logging\3.5.0.Final\jboss-logging-3.5.0.Final.jar;C:\Users\Nalinish Ranjan\.m2\repository\org\hibernate\common\hibernate-commons-annotations\7.0.3.Final\hibernate-commons-annotations-7.0.3.Final.jar;C:\Users\Nalinish Ranjan\.m2\repository\io\smallrye\jandex\3.2.0\jandex-3.2.0.jar;C:\Users\Nalinish Ranjan\.m2\repository\com\fasterxml\classmate\1.5.1\classmate-1.5.1.jar;C:\Users\Nalinish Ranjan\.m2\repository\net\bytebuddy\byte-buddy\1.14.18\byte-buddy-1.14.18.jar;C:\Users\Nalinish Ranjan\.m2\repository\jakarta\xml\bind\jakarta.xml.bind-api\4.0.0\jakarta.xml.bind-api-4.0.0.jar;C:\Users\Nalinish Ranjan\.m2\repository\org\glassfish\jaxb\jaxb-runtime\4.0.2\jaxb-runtime-4.0.2.jar;C:\Users\Nalinish Ranjan\.m2\repository\org\glassfish\jaxb\jaxb-core\4.0.2\jaxb-core-4.0.2.jar;C:\Users\Nalinish Ranjan\.m2\repository\org\eclipse\angus\angus-activation\2.0.0\angus-activation-2.0.0.jar;C:\Users\Nalinish Ranjan\.m2\repository\org\glassfish\jaxb\txw2\4.0.2\txw2-4.0.2.jar;C:\Users\Nalinish Ranjan\.m2\repository\com\sun\istack\istack-commons-runtime\4.1.1\istack-commons-runtime-4.1.1.jar;C:\Users\Nalinish Ranjan\.m2\repository\jakarta\inject\jakarta.inject-api\2.0.1\jakarta.inject-api-2.0.1.jar;C:\Users\Nalinish Ranjan\.m2\repository\org\antlr\antlr4-runtime\4.13.0\antlr4-runtime-4.13.0.jar;C:\Users\Nalinish Ranjan\.m2\repository\jakarta\transaction\jakarta.transaction-api\2.0.1\jakarta.transaction-api-2.0.1.jar;C:\Users\Nalinish Ranjan\.m2\repository\jakarta\persistence\jakarta.persistence-api\3.2.0\jakarta.persistence-api-3.2.0.jar;C:\Users\Nalinish Ranjan\.m2\repository\jakarta\servlet\jakarta.servlet-api\6.1.0\jakarta.servlet-api-6.1.0.jar;C:\Users\Nalinish Ranjan\.m2\repository\org\mockito\mockito-core\3.6.0\mockito-core-3.6.0.jar;C:\Users\Nalinish Ranjan\.m2\repository\net\bytebuddy\byte-buddy-agent\1.10.15\byte-buddy-agent-1.10.15.jar;C:\Users\Nalinish Ranjan\.m2\repository\org\objenesis\objenesis\3.1\objenesis-3.1.jar;C:\Users\Nalinish Ranjan\.m2\repository\javax\servlet\jstl\1.2\jstl-1.2.jar;C:\Users\Nalinish Ranjan\.m2\repository\com\mysql\mysql-connector-j\9.1.0\mysql-connector-j-9.1.0.jar;C:\Users\Nalinish Ranjan\.m2\repository\com\google\protobuf\protobuf-java\4.26.1\protobuf-java-4.26.1.jar;C:\Users\Nalinish Ranjan\.m2\repository\jakarta\platform\jakarta.jakartaee-api\11.0.0-M1\jakarta.jakartaee-api-11.0.0-M1.jar;C:\Users\Nalinish Ranjan\.m2\repository\jakarta\platform\jakarta.jakartaee-web-api\11.0.0-M1\jakarta.jakartaee-web-api-11.0.0-M1.jar;C:\Users\Nalinish Ranjan\.m2\repository\jakarta\servlet\jsp\jakarta.servlet.jsp-api\4.0.0-M1\jakarta.servlet.jsp-api-4.0.0-M1.jar;C:\Users\Nalinish Ranjan\.m2\repository\jakarta\data\jakarta-data-api\1.0.0-M1\jakarta-data-api-1.0.0-M1.jar;C:\Users\Nalinish Ranjan\.m2\repository\jakarta\enterprise\jakarta.enterprise.cdi-el-api\4.1.0-M1\jakarta.enterprise.cdi-el-api-4.1.0-M1.jar;C:\Users\Nalinish Ranjan\.m2\repository\jakarta\faces\jakarta.faces-api\4.1.0-M1\jakarta.faces-api-4.1.0-M1.jar;C:\Users\Nalinish Ranjan\.m2\repository\jakarta\websocket\jakarta.websocket-api\2.2.0-M1\jakarta.websocket-api-2.2.0-M1.jar;C:\Users\Nalinish Ranjan\.m2\repository\jakarta\websocket\jakarta.websocket-client-api\2.2.0-M1\jakarta.websocket-client-api-2.2.0-M1.jar;C:\Users\Nalinish Ranjan\.m2\repository\jakarta\ejb\jakarta.ejb-api\4.0.1\jakarta.ejb-api-4.0.1.jar;C:\Users\Nalinish Ranjan\.m2\repository\jakarta\validation\jakarta.validation-api\3.1.0-M1\jakarta.validation-api-3.1.0-M1.jar;C:\Users\Nalinish Ranjan\.m2\repository\jakarta\authentication\jakarta.authentication-api\3.1.0-M1\jakarta.authentication-api-3.1.0-M1.jar;C:\Users\Nalinish Ranjan\.m2\repository\jakarta\security\enterprise\jakarta.security.enterprise-api\4.0.0-M1\jakarta.security.enterprise-api-4.0.0-M1.jar;C:\Users\Nalinish Ranjan\.m2\repository\jakarta\enterprise\concurrent\jakarta.enterprise.concurrent-api\3.1.0-M1\jakarta.enterprise.concurrent-api-3.1.0-M1.jar;C:\Users\Nalinish Ranjan\.m2\repository\jakarta\platform\jakarta.jakartaee-core-api\11.0.0-M1\jakarta.jakartaee-core-api-11.0.0-M1.jar;C:\Users\Nalinish Ranjan\.m2\repository\jakarta\ws\rs\jakarta.ws.rs-api\3.1.0\jakarta.ws.rs-api-3.1.0.jar;C:\Users\Nalinish Ranjan\.m2\repository\jakarta\json\jakarta.json-api\2.1.0\jakarta.json-api-2.1.0.jar;C:\Users\Nalinish Ranjan\.m2\repository\jakarta\json\bind\jakarta.json.bind-api\3.0.0\jakarta.json.bind-api-3.0.0.jar;C:\Users\Nalinish Ranjan\.m2\repository\jakarta\annotation\jakarta.annotation-api\3.0.0-M1\jakarta.annotation-api-3.0.0-M1.jar;C:\Users\Nalinish Ranjan\.m2\repository\jakarta\interceptor\jakarta.interceptor-api\2.2.0-M1\jakarta.interceptor-api-2.2.0-M1.jar;C:\Users\Nalinish Ranjan\.m2\repository\jakarta\enterprise\jakarta.enterprise.cdi-api\4.1.0-M1\jakarta.enterprise.cdi-api-4.1.0-M1.jar;C:\Users\Nalinish Ranjan\.m2\repository\jakarta\enterprise\jakarta.enterprise.lang-model\4.1.0-M1\jakarta.enterprise.lang-model-4.1.0-M1.jar;C:\Users\Nalinish Ranjan\.m2\repository\jakarta\jms\jakarta.jms-api\3.1.0\jakarta.jms-api-3.1.0.jar;C:\Users\Nalinish Ranjan\.m2\repository\jakarta\activation\jakarta.activation-api\2.1.2\jakarta.activation-api-2.1.2.jar;C:\Users\Nalinish Ranjan\.m2\repository\jakarta\mail\jakarta.mail-api\2.1.2\jakarta.mail-api-2.1.2.jar;C:\Users\Nalinish Ranjan\.m2\repository\jakarta\resource\jakarta.resource-api\2.1.0\jakarta.resource-api-2.1.0.jar;C:\Users\Nalinish Ranjan\.m2\repository\jakarta\authorization\jakarta.authorization-api\3.0.0-M1\jakarta.authorization-api-3.0.0-M1.jar;C:\Users\Nalinish Ranjan\.m2\repository\jakarta\batch\jakarta.batch-api\2.1.1\jakarta.batch-api-2.1.1.jar;C:\Users\Nalinish Ranjan\.m2\repository\jakarta\servlet\jsp\jstl\jakarta.servlet.jsp.jstl-api\3.0.0\jakarta.servlet.jsp.jstl-api-3.0.0.jar;C:\Users\Nalinish Ranjan\.m2\repository\jakarta\el\jakarta.el-api\5.0.0\jakarta.el-api-5.0.0.jar;C:\Users\Nalinish Ranjan\.m2\repository\org\glassfish\web\jakarta.servlet.jsp.jstl\3.0.1\jakarta.servlet.jsp.jstl-3.0.1.jar;C:\Users\Nalinish Ranjan\.m2\repository\org\junit\jupiter\junit-jupiter-api\5.11.4\junit-jupiter-api-5.11.4.jar;C:\Users\Nalinish Ranjan\.m2\repository\org\opentest4j\opentest4j\1.3.0\opentest4j-1.3.0.jar;C:\Users\Nalinish Ranjan\.m2\repository\org\junit\platform\junit-platform-commons\1.11.4\junit-platform-commons-1.11.4.jar;C:\Users\Nalinish Ranjan\.m2\repository\org\apiguardian\apiguardian-api\1.1.2\apiguardian-api-1.1.2.jar;C:\Users\Nalinish Ranjan\.m2\repository\org\junit\jupiter\junit-jupiter-engine\5.11.4\junit-jupiter-engine-5.11.4.jar;C:\Users\Nalinish Ranjan\.m2\repository\org\junit\platform\junit-platform-engine\1.11.4\junit-platform-engine-1.11.4.jar;C:\Users\Nalinish Ranjan\.m2\repository\junit\junit\4.13.2\junit-4.13.2.jar;C:\Users\Nalinish Ranjan\.m2\repository\org\hamcrest\hamcrest-core\1.3\hamcrest-core-1.3.jar;"/>
    <property name="sun.cpu.endian" value="little"/>
    <property name="user.home" value="C:\Users\Nalinish Ranjan"/>
    <property name="user.language" value="en"/>
    <property name="java.specification.vendor" value="Oracle Corporation"/>
    <property name="java.version.date" value="2024-10-15"/>
    <property name="java.home" value="D:\Program Files\Java\jdk-23"/>
    <property name="file.separator" value="\"/>
    <property name="basedir" value="D:\Users\Nalinish Ranjan\Documents\GitHub\Viridi"/>
    <property name="java.vm.compressedOopsMode" value="Zero based"/>
    <property name="line.separator" value="&#10;"/>
    <property name="java.vm.specification.vendor" value="Oracle Corporation"/>
    <property name="java.specification.name" value="Java Platform API Specification"/>
    <property name="surefire.real.class.path" value="C:\Users\Nalinish Ranjan\AppData\Local\Temp\surefire15726094657950793900\surefirebooter-20250107220554278_3.jar"/>
    <property name="user.script" value=""/>
    <property name="sun.management.compiler" value="HotSpot 64-Bit Tiered Compilers"/>
    <property name="java.runtime.version" value="23.0.1+11-39"/>
    <property name="user.name" value="Nalinish Ranjan"/>
    <property name="stdout.encoding" value="Cp1252"/>
    <property name="path.separator" value=";"/>
    <property name="os.version" value="10.0"/>
    <property name="java.runtime.name" value="Java(TM) SE Runtime Environment"/>
    <property name="file.encoding" value="UTF-8"/>
    <property name="java.vm.name" value="Java HotSpot(TM) 64-Bit Server VM"/>
    <property name="maven.ext.class.path" value="D:\Program Files\NetBeans-24\netbeans\java\maven-nblib\netbeans-eventspy.jar"/>
    <property name="localRepository" value="C:\Users\Nalinish Ranjan\.m2\repository"/>
    <property name="java.vendor.url.bug" value="https://bugreport.java.com/bugreport/"/>
    <property name="java.io.tmpdir" value="C:\Users\NALINI~1\AppData\Local\Temp\"/>
    <property name="java.version" value="23.0.1"/>
    <property name="user.dir" value="D:\Users\Nalinish Ranjan\Documents\GitHub\Viridi"/>
    <property name="os.arch" value="amd64"/>
    <property name="java.vm.specification.name" value="Java Virtual Machine Specification"/>
    <property name="sun.os.patch.level" value=""/>
    <property name="native.encoding" value="Cp1252"/>
    <property name="java.library.path" value="D:\Program Files\Java\jdk-23\bin;C:\WINDOWS\Sun\Java\bin;C:\WINDOWS\system32;C:\WINDOWS;C:\Program Files\Common Files\Oracle\Java\javapath;C:\Program Files (x86)\Common Files\Oracle\Java\java8path;C:\Windows\System32;C:\Windows;C:\Windows\System32\wbem;C:\Windows\System32\WindowsPowerShell\v1.0\;C:\Windows\System32\OpenSSH\;D:\Program Files\Microsoft VS Code\bin;D:\Program Files (x86)\GnuPG\bin;D:\Program Files\nodejs\;C:\Program Files (x86)\NVIDIA Corporation\PhysX\Common;D:\Program Files\Git\cmd;C:\Program Files\NVIDIA Corporation\NVIDIA app\NvDLISR;D:\Program Files\MySQL\MySQL Shell 8.0\bin\;D:\Users\Nalinish Ranjan\AppData\Local\Programs\Python\Python313\Scripts\;D:\Users\Nalinish Ranjan\AppData\Local\Programs\Python\Python313\;C:\Users\Nalinish Ranjan\AppData\Local\Microsoft\WindowsApps;C:\Users\Nalinish Ranjan\AppData\Local\GitHubDesktop\bin;D:\Program Files\JetBrains\IntelliJ IDEA Community Edition 2024.1.4\bin;;C:\Users\Nalinish Ranjan\AppData\Roaming\npm;D:\MinGW\bin;D:\Program Files\MySQL\MySQL Server 8.0\bin;;D:\Program Files\JetBrains\IntelliJ IDEA 2024.2.1\bin;;."/>
    <property name="java.vm.info" value="mixed mode, sharing"/>
    <property name="stderr.encoding" value="Cp1252"/>
    <property name="java.vendor" value="Oracle Corporation"/>
    <property name="java.vm.version" value="23.0.1+11-39"/>
    <property name="sun.io.unicode.encoding" value="UnicodeLittle"/>
    <property name="java.class.version" value="67.0"/>
  </properties>
  <testcase name="getUserByPhoneAndPassword_Success" classname="UserDaoTest" time="0.007"/>
  <testcase name="getUserByPhoneAndPassword_UserNotFound" classname="UserDaoTest" time="0.005"/>
  <testcase name="getUserByPhoneAndPassword_WithEmptyCredentials" classname="UserDaoTest" time="0.005"/>
  <testcase name="getUserCount_Success" classname="UserDaoTest" time="0.003"/>
  <testcase name="getUserCount_ReturnsZeroWhenNull" classname="UserDaoTest" time="0.002"/>
</testsuite>